<?xml version="1.0" encoding="UTF-8"?>
<!-- Generated by org.testng.reporters.JUnitReportReporter -->
<testsuite hostname="viraj" failures="0" tests="3" name="testNg.DataProviderEx2" time="109.362" errors="0" timestamp="2025-01-23T20:59:47 IST" skipped="0">
  <testcase classname="testNg.DataProviderEx2" name="CreateOrganization" time="33.532"/>
  <system-out/>
  <testcase classname="testNg.DataProviderEx2" name="CreateOrganization" time="36.034"/>
  <system-out/>
  <testcase classname="testNg.DataProviderEx2" name="CreateOrganization" time="39.796"/>
  <system-out/>
</testsuite> <!-- testNg.DataProviderEx2 -->
