<?xml version="1.0" encoding="UTF-8"?>
<!-- Generated by org.testng.reporters.JUnitReportReporter -->
<testsuite hostname="viraj" failures="0" tests="1" name="testNg.CreateCampaignWithProductTest" time="79.492" errors="0" timestamp="2025-02-05T20:22:13 IST" skipped="0">
  <testcase classname="testNg.CreateCampaignWithProductTest" name="createCampaignWithProductTest" time="79.492"/>
  <system-out/>
</testsuite> <!-- testNg.CreateCampaignWithProductTest -->
