<?xml version="1.0" encoding="UTF-8"?>
<!-- Generated by org.testng.reporters.JUnitReportReporter -->
<testsuite hostname="viraj" failures="0" tests="3" name="testNg.SampleTest" time="0.023" errors="0" timestamp="2025-01-23T19:18:34 IST" skipped="0">
  <testcase classname="testNg.SampleTest" name="DeleteContact" time="0.002"/>
  <system-out/>
  <testcase classname="testNg.SampleTest" name="ModifyContact" time="0.019"/>
  <system-out/>
  <testcase classname="testNg.SampleTest" name="createContact" time="0.002"/>
  <system-out/>
</testsuite> <!-- testNg.SampleTest -->
