<?xml version="1.0" encoding="UTF-8"?>
<!-- Generated by org.testng.reporters.JUnitReportReporter -->
<testsuite hostname="viraj" failures="0" tests="1" name="testNg.DataProviderUsingExcel" time="0.000" errors="0" timestamp="2025-01-25T19:44:22 IST" skipped="1">
  <testcase classname="testNg.DataProviderUsingExcel" name="CreateOrganization" time="0.000">
    <skipped/>
  </testcase> <!-- CreateOrganization -->
  <system-out/>
</testsuite> <!-- testNg.DataProviderUsingExcel -->
