<?xml version="1.0" encoding="UTF-8"?>
<!-- Generated by org.testng.reporters.JUnitReportReporter -->
<testsuite hostname="viraj" failures="0" tests="1" name="testNg.CreateAndDeleteProduct" time="67.687" errors="0" timestamp="2025-02-05T20:18:00 IST" skipped="0">
  <testcase classname="testNg.CreateAndDeleteProduct" name="createAndDeleteProduct" time="67.687"/>
  <system-out/>
</testsuite> <!-- testNg.CreateAndDeleteProduct -->
