<?xml version="1.0" encoding="UTF-8"?>
<!-- Generated by org.testng.reporters.JUnitReportReporter -->
<testsuite hostname="viraj" failures="0" tests="1" name="testNg.CreateCampaignWithProductTest$CreateProductTest" time="42.829" errors="0" timestamp="2025-01-27T20:20:14 IST" skipped="0">
  <testcase classname="testNg.CreateCampaignWithProductTest$CreateProductTest" name="createProductTest" time="42.829"/>
  <system-out/>
</testsuite> <!-- testNg.CreateCampaignWithProductTest$CreateProductTest -->
