<?xml version="1.0" encoding="UTF-8"?>
<!-- Generated by org.testng.reporters.JUnitReportReporter -->
<testsuite hostname="viraj" failures="0" tests="1" name="testNg.CreateProductTest" time="43.454" errors="0" timestamp="2025-02-05T20:17:59 IST" skipped="0">
  <testcase classname="testNg.CreateProductTest" name="createProductTest" time="43.454"/>
  <system-out/>
</testsuite> <!-- testNg.CreateProductTest -->
