<?xml version="1.0" encoding="UTF-8"?>
<!-- Generated by org.testng.reporters.JUnitReportReporter -->
<testsuite hostname="viraj" failures="0" tests="3" name="testNg.DataProviderex1" time="0.014" errors="0" timestamp="2025-01-23T20:09:12 IST" skipped="0">
  <testcase classname="testNg.DataProviderex1" name="BookTickets" time="0.001"/>
  <system-out/>
  <testcase classname="testNg.DataProviderex1" name="BookTickets" time="0.012"/>
  <system-out/>
  <testcase classname="testNg.DataProviderex1" name="BookTickets" time="0.001"/>
  <system-out/>
</testsuite> <!-- testNg.DataProviderex1 -->
