<?xml version="1.0" encoding="UTF-8"?>
<!-- Generated by org.testng.reporters.JUnitReportReporter -->
<testsuite hostname="viraj" failures="0" tests="1" name="testNg.CreateCampaignTest" time="53.223" errors="0" timestamp="2025-02-05T20:22:13 IST" skipped="0">
  <testcase classname="testNg.CreateCampaignTest" name="createCampaignTest" time="53.223"/>
  <system-out/>
</testsuite> <!-- testNg.CreateCampaignTest -->
